<?xml version="1.0" encoding="UTF-8"?>
<TestRun id="e6d67d21-e37e-479a-8a23-70ed1271bc1b" name="student@KOMP060 2015-04-20 13:58:26" runUser="NMKZLLAB\student" xmlns="http://microsoft.com/schemas/VisualStudio/TeamTest/2010">
  <TestSettings name="Local" id="31046817-227f-4161-9a97-5d34efa999fb">
    <Description>These are default test settings for a local test run.</Description>
    <Deployment enabled="false" runDeploymentRoot="student_KOMP060 2015-04-20 13_58_26">
      <DeploymentItem filename="D:\Sebastian\Blog\Blog\packages\EntityFramework.5.0.0\lib\net40\EntityFramework.dll" />
      <DeploymentItem filename="D:\Sebastian\Blog\Blog\Blog.DAL\bin\Debug\Blog.DAL.dll" />
      <DeploymentItem filename="D:\Sebastian\Blog\Blog\packages\DbTestHelpers\YamlDotNet.RepresentationModel.dll" />
      <DeploymentItem filename="D:\Sebastian\Blog\Blog\packages\DbTestHelpers\YamlDotNet.Core.dll" />
      <DeploymentItem filename="D:\Sebastian\Blog\Blog\packages\DbTestHelpers\TDD.DbTestHelpers.dll" />
    </Deployment>
    <Execution>
      <TestTypeSpecific />
      <AgentRule name="Execution Agents">
      </AgentRule>
    </Execution>
  </TestSettings>
  <Times creation="2015-04-20T13:58:26.5646627+02:00" queuing="2015-04-20T13:58:26.6166627+02:00" start="2015-04-20T13:58:26.6196627+02:00" finish="2015-04-20T13:58:27.3906627+02:00" />
  <ResultSummary outcome="Completed">
    <Counters total="3" executed="3" passed="3" error="0" failed="0" timeout="0" aborted="0" inconclusive="0" passedButRunAborted="0" notRunnable="0" notExecuted="0" disconnected="0" warning="0" completed="0" inProgress="0" pending="0" />
  </ResultSummary>
  <TestDefinitions>
    <UnitTest name="CreatePost_ShouldThrowExceptionWhenValidationFails" storage="d:\sebastian\blog\blog\blog.dal.tests\bin\debug\blog.dal.tests.dll" id="01aa2900-e416-9a4d-c089-4b86a04297ef">
      <Execution id="fba38f05-947d-42b5-aebc-c9da8efd070d" />
      <TestMethod codeBase="D:/Sebastian/Blog/Blog/Blog.DAL.Tests/bin/Debug/Blog.DAL.Tests.DLL" adapterTypeName="Microsoft.VisualStudio.TestTools.TestTypes.Unit.UnitTestAdapter, Microsoft.VisualStudio.QualityTools.Tips.UnitTest.Adapter, Version=10.0.0.0, Culture=neutral, PublicKeyToken=b03f5f7f11d50a3a" className="Blog.DAL.Tests.RepositoryTests, Blog.DAL.Tests, Version=1.0.0.0, Culture=neutral, PublicKeyToken=null" name="CreatePost_ShouldThrowExceptionWhenValidationFails" />
    </UnitTest>
    <UnitTest name="CreatePost_ShouldAddPost" storage="d:\sebastian\blog\blog\blog.dal.tests\bin\debug\blog.dal.tests.dll" id="788daeef-2bb5-b1c0-448d-38348e8092b8">
      <Execution id="b202b72a-6b3c-442b-ab61-703e08822736" />
      <TestMethod codeBase="D:/Sebastian/Blog/Blog/Blog.DAL.Tests/bin/Debug/Blog.DAL.Tests.DLL" adapterTypeName="Microsoft.VisualStudio.TestTools.TestTypes.Unit.UnitTestAdapter, Microsoft.VisualStudio.QualityTools.Tips.UnitTest.Adapter, Version=10.0.0.0, Culture=neutral, PublicKeyToken=b03f5f7f11d50a3a" className="Blog.DAL.Tests.RepositoryTests, Blog.DAL.Tests, Version=1.0.0.0, Culture=neutral, PublicKeyToken=null" name="CreatePost_ShouldAddPost" />
    </UnitTest>
    <UnitTest name="GetAllPost_OnePostInDb_ReturnOnePost" storage="d:\sebastian\blog\blog\blog.dal.tests\bin\debug\blog.dal.tests.dll" id="8eb3fc89-a933-3141-9fc4-10d31ead6588">
      <Execution id="662d86a8-8161-496e-b8fc-75d1f407c69f" />
      <TestMethod codeBase="D:/Sebastian/Blog/Blog/Blog.DAL.Tests/bin/Debug/Blog.DAL.Tests.DLL" adapterTypeName="Microsoft.VisualStudio.TestTools.TestTypes.Unit.UnitTestAdapter, Microsoft.VisualStudio.QualityTools.Tips.UnitTest.Adapter, Version=10.0.0.0, Culture=neutral, PublicKeyToken=b03f5f7f11d50a3a" className="Blog.DAL.Tests.RepositoryTests, Blog.DAL.Tests, Version=1.0.0.0, Culture=neutral, PublicKeyToken=null" name="GetAllPost_OnePostInDb_ReturnOnePost" />
    </UnitTest>
  </TestDefinitions>
  <TestLists>
    <TestList name="Results Not in a List" id="8c84fa94-04c1-424b-9868-57a2d4851a1d" />
    <TestList name="All Loaded Results" id="19431567-8539-422a-85d7-44ee4e166bda" />
  </TestLists>
  <TestEntries>
    <TestEntry testId="01aa2900-e416-9a4d-c089-4b86a04297ef" executionId="fba38f05-947d-42b5-aebc-c9da8efd070d" testListId="8c84fa94-04c1-424b-9868-57a2d4851a1d" />
    <TestEntry testId="788daeef-2bb5-b1c0-448d-38348e8092b8" executionId="b202b72a-6b3c-442b-ab61-703e08822736" testListId="8c84fa94-04c1-424b-9868-57a2d4851a1d" />
    <TestEntry testId="8eb3fc89-a933-3141-9fc4-10d31ead6588" executionId="662d86a8-8161-496e-b8fc-75d1f407c69f" testListId="8c84fa94-04c1-424b-9868-57a2d4851a1d" />
  </TestEntries>
  <Results>
    <UnitTestResult executionId="fba38f05-947d-42b5-aebc-c9da8efd070d" testId="01aa2900-e416-9a4d-c089-4b86a04297ef" testName="CreatePost_ShouldThrowExceptionWhenValidationFails" computerName="KOMP060" duration="00:00:00.6259487" startTime="2015-04-20T13:58:26.6216627+02:00" endTime="2015-04-20T13:58:27.3646627+02:00" testType="13cdc9d9-ddb5-4fa4-a97d-d965ccfc6d4b" outcome="Passed" testListId="8c84fa94-04c1-424b-9868-57a2d4851a1d" relativeResultsDirectory="fba38f05-947d-42b5-aebc-c9da8efd070d">
      <Output>
        <DebugTrace>Constr
SetUp
Applying fixtures
D:\Sebastian\Blog\Blog\Blog.DAL.Tests\bin\Debug\Fixtures\posts.yml
FixtureSetUp
</DebugTrace>
      </Output>
    </UnitTestResult>
    <UnitTestResult executionId="b202b72a-6b3c-442b-ab61-703e08822736" testId="788daeef-2bb5-b1c0-448d-38348e8092b8" testName="CreatePost_ShouldAddPost" computerName="KOMP060" duration="00:00:00.0064572" startTime="2015-04-20T13:58:27.3656627+02:00" endTime="2015-04-20T13:58:27.3736627+02:00" testType="13cdc9d9-ddb5-4fa4-a97d-d965ccfc6d4b" outcome="Passed" testListId="8c84fa94-04c1-424b-9868-57a2d4851a1d" relativeResultsDirectory="b202b72a-6b3c-442b-ab61-703e08822736">
      <Output>
        <DebugTrace>Constr
SetUp
Applying fixtures
D:\Sebastian\Blog\Blog\Blog.DAL.Tests\bin\Debug\Fixtures\posts.yml
FixtureSetUp
</DebugTrace>
      </Output>
    </UnitTestResult>
    <UnitTestResult executionId="662d86a8-8161-496e-b8fc-75d1f407c69f" testId="8eb3fc89-a933-3141-9fc4-10d31ead6588" testName="GetAllPost_OnePostInDb_ReturnOnePost" computerName="KOMP060" duration="00:00:00.0045619" startTime="2015-04-20T13:58:27.3746627+02:00" endTime="2015-04-20T13:58:27.3806627+02:00" testType="13cdc9d9-ddb5-4fa4-a97d-d965ccfc6d4b" outcome="Passed" testListId="8c84fa94-04c1-424b-9868-57a2d4851a1d" relativeResultsDirectory="662d86a8-8161-496e-b8fc-75d1f407c69f">
      <Output>
        <DebugTrace>Constr
SetUp
Applying fixtures
D:\Sebastian\Blog\Blog\Blog.DAL.Tests\bin\Debug\Fixtures\posts.yml
FixtureSetUp
</DebugTrace>
      </Output>
    </UnitTestResult>
  </Results>
</TestRun>