<?xml version="1.0" encoding="UTF-8"?>
<TestRun id="df7407de-02aa-4abb-be3c-f98179479bfe" name="student@KOMP060 2015-04-20 13:55:07" runUser="NMKZLLAB\student" xmlns="http://microsoft.com/schemas/VisualStudio/TeamTest/2010">
  <TestSettings name="Local" id="31046817-227f-4161-9a97-5d34efa999fb">
    <Description>These are default test settings for a local test run.</Description>
    <Deployment enabled="false" runDeploymentRoot="student_KOMP060 2015-04-20 13_55_07">
      <DeploymentItem filename="D:\Sebastian\Blog\Blog\packages\EntityFramework.5.0.0\lib\net40\EntityFramework.dll" />
      <DeploymentItem filename="D:\Sebastian\Blog\Blog\Blog.DAL\bin\Debug\Blog.DAL.dll" />
      <DeploymentItem filename="D:\Sebastian\Blog\Blog\packages\DbTestHelpers\YamlDotNet.RepresentationModel.dll" />
      <DeploymentItem filename="D:\Sebastian\Blog\Blog\packages\DbTestHelpers\YamlDotNet.Core.dll" />
      <DeploymentItem filename="D:\Sebastian\Blog\Blog\packages\DbTestHelpers\TDD.DbTestHelpers.dll" />
    </Deployment>
    <Execution>
      <TestTypeSpecific />
      <AgentRule name="Execution Agents">
      </AgentRule>
    </Execution>
  </TestSettings>
  <Times creation="2015-04-20T13:55:07.7316627+02:00" queuing="2015-04-20T13:55:07.7856627+02:00" start="2015-04-20T13:55:07.7886627+02:00" finish="2015-04-20T13:55:08.5846627+02:00" />
  <ResultSummary outcome="Completed">
    <Counters total="2" executed="2" passed="2" error="0" failed="0" timeout="0" aborted="0" inconclusive="0" passedButRunAborted="0" notRunnable="0" notExecuted="0" disconnected="0" warning="0" completed="0" inProgress="0" pending="0" />
  </ResultSummary>
  <TestDefinitions>
    <UnitTest name="GetAllPost_OnePostInDb_ReturnOnePost" storage="d:\sebastian\blog\blog\blog.dal.tests\bin\debug\blog.dal.tests.dll" id="8eb3fc89-a933-3141-9fc4-10d31ead6588">
      <Execution id="2fc0d150-b376-417b-9969-8ea18501c35a" />
      <TestMethod codeBase="D:/Sebastian/Blog/Blog/Blog.DAL.Tests/bin/Debug/Blog.DAL.Tests.DLL" adapterTypeName="Microsoft.VisualStudio.TestTools.TestTypes.Unit.UnitTestAdapter, Microsoft.VisualStudio.QualityTools.Tips.UnitTest.Adapter, Version=10.0.0.0, Culture=neutral, PublicKeyToken=b03f5f7f11d50a3a" className="Blog.DAL.Tests.RepositoryTests, Blog.DAL.Tests, Version=1.0.0.0, Culture=neutral, PublicKeyToken=null" name="GetAllPost_OnePostInDb_ReturnOnePost" />
    </UnitTest>
    <UnitTest name="CreatePost_ShouldAddPost" storage="d:\sebastian\blog\blog\blog.dal.tests\bin\debug\blog.dal.tests.dll" id="788daeef-2bb5-b1c0-448d-38348e8092b8">
      <Execution id="6e5e4417-cf6f-445c-b7f7-25b5c88a7f72" />
      <TestMethod codeBase="D:/Sebastian/Blog/Blog/Blog.DAL.Tests/bin/Debug/Blog.DAL.Tests.DLL" adapterTypeName="Microsoft.VisualStudio.TestTools.TestTypes.Unit.UnitTestAdapter, Microsoft.VisualStudio.QualityTools.Tips.UnitTest.Adapter, Version=10.0.0.0, Culture=neutral, PublicKeyToken=b03f5f7f11d50a3a" className="Blog.DAL.Tests.RepositoryTests, Blog.DAL.Tests, Version=1.0.0.0, Culture=neutral, PublicKeyToken=null" name="CreatePost_ShouldAddPost" />
    </UnitTest>
  </TestDefinitions>
  <TestLists>
    <TestList name="Results Not in a List" id="8c84fa94-04c1-424b-9868-57a2d4851a1d" />
    <TestList name="All Loaded Results" id="19431567-8539-422a-85d7-44ee4e166bda" />
  </TestLists>
  <TestEntries>
    <TestEntry testId="788daeef-2bb5-b1c0-448d-38348e8092b8" executionId="6e5e4417-cf6f-445c-b7f7-25b5c88a7f72" testListId="8c84fa94-04c1-424b-9868-57a2d4851a1d" />
    <TestEntry testId="8eb3fc89-a933-3141-9fc4-10d31ead6588" executionId="2fc0d150-b376-417b-9969-8ea18501c35a" testListId="8c84fa94-04c1-424b-9868-57a2d4851a1d" />
  </TestEntries>
  <Results>
    <UnitTestResult executionId="6e5e4417-cf6f-445c-b7f7-25b5c88a7f72" testId="788daeef-2bb5-b1c0-448d-38348e8092b8" testName="CreatePost_ShouldAddPost" computerName="KOMP060" duration="00:00:00.6149325" startTime="2015-04-20T13:55:07.7896627+02:00" endTime="2015-04-20T13:55:08.5216627+02:00" testType="13cdc9d9-ddb5-4fa4-a97d-d965ccfc6d4b" outcome="Passed" testListId="8c84fa94-04c1-424b-9868-57a2d4851a1d" relativeResultsDirectory="6e5e4417-cf6f-445c-b7f7-25b5c88a7f72">
      <Output>
        <DebugTrace>Constr
SetUp
Applying fixtures
D:\Sebastian\Blog\Blog\Blog.DAL.Tests\bin\Debug\Fixtures\posts.yml
FixtureSetUp
</DebugTrace>
      </Output>
    </UnitTestResult>
    <UnitTestResult executionId="2fc0d150-b376-417b-9969-8ea18501c35a" testId="8eb3fc89-a933-3141-9fc4-10d31ead6588" testName="GetAllPost_OnePostInDb_ReturnOnePost" computerName="KOMP060" duration="00:00:00.0057928" startTime="2015-04-20T13:55:08.5226627+02:00" endTime="2015-04-20T13:55:08.5296627+02:00" testType="13cdc9d9-ddb5-4fa4-a97d-d965ccfc6d4b" outcome="Passed" testListId="8c84fa94-04c1-424b-9868-57a2d4851a1d" relativeResultsDirectory="2fc0d150-b376-417b-9969-8ea18501c35a">
      <Output>
        <DebugTrace>Constr
SetUp
Applying fixtures
D:\Sebastian\Blog\Blog\Blog.DAL.Tests\bin\Debug\Fixtures\posts.yml
FixtureSetUp
</DebugTrace>
      </Output>
    </UnitTestResult>
  </Results>
</TestRun>