<?xml version="1.0" encoding="UTF-8"?>
<TestRun id="b872e277-4a54-4e74-9dc3-f32fe89471cd" name="student@KOMP060 2015-04-20 14:00:54" runUser="NMKZLLAB\student" xmlns="http://microsoft.com/schemas/VisualStudio/TeamTest/2010">
  <TestSettings name="Local" id="31046817-227f-4161-9a97-5d34efa999fb">
    <Description>These are default test settings for a local test run.</Description>
    <Deployment enabled="false" runDeploymentRoot="student_KOMP060 2015-04-20 14_00_54">
      <DeploymentItem filename="D:\Sebastian\Blog\Blog\packages\EntityFramework.5.0.0\lib\net40\EntityFramework.dll" />
      <DeploymentItem filename="D:\Sebastian\Blog\Blog\Blog.DAL\bin\Debug\Blog.DAL.dll" />
      <DeploymentItem filename="D:\Sebastian\Blog\Blog\packages\DbTestHelpers\YamlDotNet.RepresentationModel.dll" />
      <DeploymentItem filename="D:\Sebastian\Blog\Blog\packages\DbTestHelpers\YamlDotNet.Core.dll" />
      <DeploymentItem filename="D:\Sebastian\Blog\Blog\packages\DbTestHelpers\TDD.DbTestHelpers.dll" />
    </Deployment>
    <Execution>
      <TestTypeSpecific />
      <AgentRule name="Execution Agents">
      </AgentRule>
    </Execution>
  </TestSettings>
  <Times creation="2015-04-20T14:00:54.1566627+02:00" queuing="2015-04-20T14:00:54.2136627+02:00" start="2015-04-20T14:00:54.2166627+02:00" finish="2015-04-20T14:00:54.9656627+02:00" />
  <ResultSummary outcome="Completed">
    <Counters total="3" executed="3" passed="3" error="0" failed="0" timeout="0" aborted="0" inconclusive="0" passedButRunAborted="0" notRunnable="0" notExecuted="0" disconnected="0" warning="0" completed="0" inProgress="0" pending="0" />
  </ResultSummary>
  <TestDefinitions>
    <UnitTest name="CreatePost_ShouldThrowExceptionWhenValidationFails" storage="d:\sebastian\blog\blog\blog.dal.tests\bin\debug\blog.dal.tests.dll" id="01aa2900-e416-9a4d-c089-4b86a04297ef">
      <Execution id="9481bfb9-0552-4f46-b8ac-bb5391943532" />
      <TestMethod codeBase="D:/Sebastian/Blog/Blog/Blog.DAL.Tests/bin/Debug/Blog.DAL.Tests.DLL" adapterTypeName="Microsoft.VisualStudio.TestTools.TestTypes.Unit.UnitTestAdapter, Microsoft.VisualStudio.QualityTools.Tips.UnitTest.Adapter, Version=10.0.0.0, Culture=neutral, PublicKeyToken=b03f5f7f11d50a3a" className="Blog.DAL.Tests.RepositoryTests, Blog.DAL.Tests, Version=1.0.0.0, Culture=neutral, PublicKeyToken=null" name="CreatePost_ShouldThrowExceptionWhenValidationFails" />
    </UnitTest>
    <UnitTest name="CreatePost_ShouldAddPost" storage="d:\sebastian\blog\blog\blog.dal.tests\bin\debug\blog.dal.tests.dll" id="788daeef-2bb5-b1c0-448d-38348e8092b8">
      <Execution id="8f13380c-0901-4094-80c6-5bbc9c74c765" />
      <TestMethod codeBase="D:/Sebastian/Blog/Blog/Blog.DAL.Tests/bin/Debug/Blog.DAL.Tests.DLL" adapterTypeName="Microsoft.VisualStudio.TestTools.TestTypes.Unit.UnitTestAdapter, Microsoft.VisualStudio.QualityTools.Tips.UnitTest.Adapter, Version=10.0.0.0, Culture=neutral, PublicKeyToken=b03f5f7f11d50a3a" className="Blog.DAL.Tests.RepositoryTests, Blog.DAL.Tests, Version=1.0.0.0, Culture=neutral, PublicKeyToken=null" name="CreatePost_ShouldAddPost" />
    </UnitTest>
    <UnitTest name="GetAllPost_OnePostInDb_ReturnOnePost" storage="d:\sebastian\blog\blog\blog.dal.tests\bin\debug\blog.dal.tests.dll" id="8eb3fc89-a933-3141-9fc4-10d31ead6588">
      <Execution id="366ff0a2-f5e7-448a-aa87-02716bb88eff" />
      <TestMethod codeBase="D:/Sebastian/Blog/Blog/Blog.DAL.Tests/bin/Debug/Blog.DAL.Tests.DLL" adapterTypeName="Microsoft.VisualStudio.TestTools.TestTypes.Unit.UnitTestAdapter, Microsoft.VisualStudio.QualityTools.Tips.UnitTest.Adapter, Version=10.0.0.0, Culture=neutral, PublicKeyToken=b03f5f7f11d50a3a" className="Blog.DAL.Tests.RepositoryTests, Blog.DAL.Tests, Version=1.0.0.0, Culture=neutral, PublicKeyToken=null" name="GetAllPost_OnePostInDb_ReturnOnePost" />
    </UnitTest>
  </TestDefinitions>
  <TestLists>
    <TestList name="Results Not in a List" id="8c84fa94-04c1-424b-9868-57a2d4851a1d" />
    <TestList name="All Loaded Results" id="19431567-8539-422a-85d7-44ee4e166bda" />
  </TestLists>
  <TestEntries>
    <TestEntry testId="01aa2900-e416-9a4d-c089-4b86a04297ef" executionId="9481bfb9-0552-4f46-b8ac-bb5391943532" testListId="8c84fa94-04c1-424b-9868-57a2d4851a1d" />
    <TestEntry testId="788daeef-2bb5-b1c0-448d-38348e8092b8" executionId="8f13380c-0901-4094-80c6-5bbc9c74c765" testListId="8c84fa94-04c1-424b-9868-57a2d4851a1d" />
    <TestEntry testId="8eb3fc89-a933-3141-9fc4-10d31ead6588" executionId="366ff0a2-f5e7-448a-aa87-02716bb88eff" testListId="8c84fa94-04c1-424b-9868-57a2d4851a1d" />
  </TestEntries>
  <Results>
    <UnitTestResult executionId="9481bfb9-0552-4f46-b8ac-bb5391943532" testId="01aa2900-e416-9a4d-c089-4b86a04297ef" testName="CreatePost_ShouldThrowExceptionWhenValidationFails" computerName="KOMP060" duration="00:00:00.5761418" startTime="2015-04-20T14:00:54.2416627+02:00" endTime="2015-04-20T14:00:54.9356627+02:00" testType="13cdc9d9-ddb5-4fa4-a97d-d965ccfc6d4b" outcome="Passed" testListId="8c84fa94-04c1-424b-9868-57a2d4851a1d" relativeResultsDirectory="9481bfb9-0552-4f46-b8ac-bb5391943532">
      <Output>
        <DebugTrace>Constr
SetUp
Applying fixtures
D:\Sebastian\Blog\Blog\Blog.DAL.Tests\bin\Debug\Fixtures\posts.yml
FixtureSetUp
</DebugTrace>
      </Output>
    </UnitTestResult>
    <UnitTestResult executionId="8f13380c-0901-4094-80c6-5bbc9c74c765" testId="788daeef-2bb5-b1c0-448d-38348e8092b8" testName="CreatePost_ShouldAddPost" computerName="KOMP060" duration="00:00:00.0082928" startTime="2015-04-20T14:00:54.9366627+02:00" endTime="2015-04-20T14:00:54.9466627+02:00" testType="13cdc9d9-ddb5-4fa4-a97d-d965ccfc6d4b" outcome="Passed" testListId="8c84fa94-04c1-424b-9868-57a2d4851a1d" relativeResultsDirectory="8f13380c-0901-4094-80c6-5bbc9c74c765">
      <Output>
        <DebugTrace>Constr
SetUp
Applying fixtures
D:\Sebastian\Blog\Blog\Blog.DAL.Tests\bin\Debug\Fixtures\posts.yml
FixtureSetUp
</DebugTrace>
      </Output>
    </UnitTestResult>
    <UnitTestResult executionId="366ff0a2-f5e7-448a-aa87-02716bb88eff" testId="8eb3fc89-a933-3141-9fc4-10d31ead6588" testName="GetAllPost_OnePostInDb_ReturnOnePost" computerName="KOMP060" duration="00:00:00.0053521" startTime="2015-04-20T14:00:54.9476627+02:00" endTime="2015-04-20T14:00:54.9546627+02:00" testType="13cdc9d9-ddb5-4fa4-a97d-d965ccfc6d4b" outcome="Passed" testListId="8c84fa94-04c1-424b-9868-57a2d4851a1d" relativeResultsDirectory="366ff0a2-f5e7-448a-aa87-02716bb88eff">
      <Output>
        <DebugTrace>Constr
SetUp
Applying fixtures
D:\Sebastian\Blog\Blog\Blog.DAL.Tests\bin\Debug\Fixtures\posts.yml
FixtureSetUp
</DebugTrace>
      </Output>
    </UnitTestResult>
  </Results>
</TestRun>